Generated at 2019-05-27 16:29:21 +0300
Mixlib::ShellOut::ShellCommandFailed: execute[update-upgrade] (lamp_stack::default line 7) had an error: Mixlib::ShellOut::ShellCommandFailed: Expected process to exit with [0], but received '1'
---- Begin output of sudo yum update && sudo yum upgrade -y ----
STDOUT: 
STDERR: 'sudo' is not recognized as an internal or external command,
operable program or batch file.
---- End output of sudo yum update && sudo yum upgrade -y ----
Ran sudo yum update && sudo yum upgrade -y returned 1
C:/opscode/chef-workstation/embedded/lib/ruby/gems/2.5.0/gems/mixlib-shellout-2.4.4-universal-mingw32/lib/mixlib/shellout.rb:297:in `invalid!'
C:/opscode/chef-workstation/embedded/lib/ruby/gems/2.5.0/gems/mixlib-shellout-2.4.4-universal-mingw32/lib/mixlib/shellout.rb:284:in `error!'
C:/opscode/chef-workstation/embedded/lib/ruby/gems/2.5.0/gems/chef-14.10.9-universal-mingw32/lib/chef/mixin/shell_out.rb:202:in `shell_out_compacted!'
C:/opscode/chef-workstation/embedded/lib/ruby/gems/2.5.0/gems/chef-14.10.9-universal-mingw32/lib/chef/mixin/shell_out.rb:124:in `shell_out!'
C:/opscode/chef-workstation/embedded/lib/ruby/gems/2.5.0/gems/chef-14.10.9-universal-mingw32/lib/chef/provider/execute.rb:58:in `block in action_run'
C:/opscode/chef-workstation/embedded/lib/ruby/gems/2.5.0/gems/chef-14.10.9-universal-mingw32/lib/chef/mixin/why_run.rb:51:in `add_action'
C:/opscode/chef-workstation/embedded/lib/ruby/gems/2.5.0/gems/chef-14.10.9-universal-mingw32/lib/chef/provider.rb:227:in `converge_by'
C:/opscode/chef-workstation/embedded/lib/ruby/gems/2.5.0/gems/chef-14.10.9-universal-mingw32/lib/chef/provider/execute.rb:56:in `action_run'
C:/opscode/chef-workstation/embedded/lib/ruby/gems/2.5.0/gems/chef-14.10.9-universal-mingw32/lib/chef/provider.rb:182:in `run_action'
C:/opscode/chef-workstation/embedded/lib/ruby/gems/2.5.0/gems/chef-14.10.9-universal-mingw32/lib/chef/resource.rb:578:in `run_action'
C:/opscode/chef-workstation/embedded/lib/ruby/gems/2.5.0/gems/chef-14.10.9-universal-mingw32/lib/chef/runner.rb:70:in `run_action'
C:/opscode/chef-workstation/embedded/lib/ruby/gems/2.5.0/gems/chef-14.10.9-universal-mingw32/lib/chef/runner.rb:98:in `block (2 levels) in converge'
C:/opscode/chef-workstation/embedded/lib/ruby/gems/2.5.0/gems/chef-14.10.9-universal-mingw32/lib/chef/runner.rb:98:in `each'
C:/opscode/chef-workstation/embedded/lib/ruby/gems/2.5.0/gems/chef-14.10.9-universal-mingw32/lib/chef/runner.rb:98:in `block in converge'
C:/opscode/chef-workstation/embedded/lib/ruby/gems/2.5.0/gems/chef-14.10.9-universal-mingw32/lib/chef/resource_collection/resource_list.rb:94:in `block in execute_each_resource'
C:/opscode/chef-workstation/embedded/lib/ruby/gems/2.5.0/gems/chef-14.10.9-universal-mingw32/lib/chef/resource_collection/stepable_iterator.rb:114:in `call_iterator_block'
C:/opscode/chef-workstation/embedded/lib/ruby/gems/2.5.0/gems/chef-14.10.9-universal-mingw32/lib/chef/resource_collection/stepable_iterator.rb:85:in `step'
C:/opscode/chef-workstation/embedded/lib/ruby/gems/2.5.0/gems/chef-14.10.9-universal-mingw32/lib/chef/resource_collection/stepable_iterator.rb:103:in `iterate'
C:/opscode/chef-workstation/embedded/lib/ruby/gems/2.5.0/gems/chef-14.10.9-universal-mingw32/lib/chef/resource_collection/stepable_iterator.rb:55:in `each_with_index'
C:/opscode/chef-workstation/embedded/lib/ruby/gems/2.5.0/gems/chef-14.10.9-universal-mingw32/lib/chef/resource_collection/resource_list.rb:92:in `execute_each_resource'
C:/opscode/chef-workstation/embedded/lib/ruby/gems/2.5.0/gems/chef-14.10.9-universal-mingw32/lib/chef/runner.rb:97:in `converge'
C:/opscode/chef-workstation/embedded/lib/ruby/gems/2.5.0/gems/chef-14.10.9-universal-mingw32/lib/chef/client.rb:720:in `block in converge'
C:/opscode/chef-workstation/embedded/lib/ruby/gems/2.5.0/gems/chef-14.10.9-universal-mingw32/lib/chef/client.rb:715:in `catch'
C:/opscode/chef-workstation/embedded/lib/ruby/gems/2.5.0/gems/chef-14.10.9-universal-mingw32/lib/chef/client.rb:715:in `converge'
C:/opscode/chef-workstation/embedded/lib/ruby/gems/2.5.0/gems/chef-14.10.9-universal-mingw32/lib/chef/client.rb:754:in `converge_and_save'
C:/opscode/chef-workstation/embedded/lib/ruby/gems/2.5.0/gems/chef-14.10.9-universal-mingw32/lib/chef/client.rb:286:in `run'
C:/opscode/chef-workstation/embedded/lib/ruby/gems/2.5.0/gems/chef-14.10.9-universal-mingw32/lib/chef/application.rb:303:in `run_with_graceful_exit_option'
C:/opscode/chef-workstation/embedded/lib/ruby/gems/2.5.0/gems/chef-14.10.9-universal-mingw32/lib/chef/application.rb:279:in `block in run_chef_client'
C:/opscode/chef-workstation/embedded/lib/ruby/gems/2.5.0/gems/chef-14.10.9-universal-mingw32/lib/chef/local_mode.rb:44:in `with_server_connectivity'
C:/opscode/chef-workstation/embedded/lib/ruby/gems/2.5.0/gems/chef-14.10.9-universal-mingw32/lib/chef/application.rb:261:in `run_chef_client'
C:/opscode/chef-workstation/embedded/lib/ruby/gems/2.5.0/gems/chef-14.10.9-universal-mingw32/lib/chef/application/client.rb:444:in `run_application'
C:/opscode/chef-workstation/embedded/lib/ruby/gems/2.5.0/gems/chef-14.10.9-universal-mingw32/lib/chef/application.rb:66:in `run'
C:/opscode/chef-workstation/embedded/lib/ruby/gems/2.5.0/gems/chef-14.10.9-universal-mingw32/bin/chef-client:25:in `<top (required)>'
C:/opscode/chef-workstation/bin/chef-client:322:in `load'
C:/opscode/chef-workstation/bin/chef-client:322:in `<main>'

>>>> Caused by Mixlib::ShellOut::ShellCommandFailed: Expected process to exit with [0], but received '1'
---- Begin output of sudo yum update && sudo yum upgrade -y ----
STDOUT: 
STDERR: 'sudo' is not recognized as an internal or external command,
operable program or batch file.
---- End output of sudo yum update && sudo yum upgrade -y ----
Ran sudo yum update && sudo yum upgrade -y returned 1
C:/opscode/chef-workstation/embedded/lib/ruby/gems/2.5.0/gems/mixlib-shellout-2.4.4-universal-mingw32/lib/mixlib/shellout.rb:297:in `invalid!'
C:/opscode/chef-workstation/embedded/lib/ruby/gems/2.5.0/gems/mixlib-shellout-2.4.4-universal-mingw32/lib/mixlib/shellout.rb:284:in `error!'
C:/opscode/chef-workstation/embedded/lib/ruby/gems/2.5.0/gems/chef-14.10.9-universal-mingw32/lib/chef/mixin/shell_out.rb:202:in `shell_out_compacted!'
C:/opscode/chef-workstation/embedded/lib/ruby/gems/2.5.0/gems/chef-14.10.9-universal-mingw32/lib/chef/mixin/shell_out.rb:124:in `shell_out!'
C:/opscode/chef-workstation/embedded/lib/ruby/gems/2.5.0/gems/chef-14.10.9-universal-mingw32/lib/chef/provider/execute.rb:58:in `block in action_run'
C:/opscode/chef-workstation/embedded/lib/ruby/gems/2.5.0/gems/chef-14.10.9-universal-mingw32/lib/chef/mixin/why_run.rb:51:in `add_action'
C:/opscode/chef-workstation/embedded/lib/ruby/gems/2.5.0/gems/chef-14.10.9-universal-mingw32/lib/chef/provider.rb:227:in `converge_by'
C:/opscode/chef-workstation/embedded/lib/ruby/gems/2.5.0/gems/chef-14.10.9-universal-mingw32/lib/chef/provider/execute.rb:56:in `action_run'
C:/opscode/chef-workstation/embedded/lib/ruby/gems/2.5.0/gems/chef-14.10.9-universal-mingw32/lib/chef/provider.rb:182:in `run_action'
C:/opscode/chef-workstation/embedded/lib/ruby/gems/2.5.0/gems/chef-14.10.9-universal-mingw32/lib/chef/resource.rb:578:in `run_action'
C:/opscode/chef-workstation/embedded/lib/ruby/gems/2.5.0/gems/chef-14.10.9-universal-mingw32/lib/chef/runner.rb:70:in `run_action'
C:/opscode/chef-workstation/embedded/lib/ruby/gems/2.5.0/gems/chef-14.10.9-universal-mingw32/lib/chef/runner.rb:98:in `block (2 levels) in converge'
C:/opscode/chef-workstation/embedded/lib/ruby/gems/2.5.0/gems/chef-14.10.9-universal-mingw32/lib/chef/runner.rb:98:in `each'
C:/opscode/chef-workstation/embedded/lib/ruby/gems/2.5.0/gems/chef-14.10.9-universal-mingw32/lib/chef/runner.rb:98:in `block in converge'
C:/opscode/chef-workstation/embedded/lib/ruby/gems/2.5.0/gems/chef-14.10.9-universal-mingw32/lib/chef/resource_collection/resource_list.rb:94:in `block in execute_each_resource'
C:/opscode/chef-workstation/embedded/lib/ruby/gems/2.5.0/gems/chef-14.10.9-universal-mingw32/lib/chef/resource_collection/stepable_iterator.rb:114:in `call_iterator_block'
C:/opscode/chef-workstation/embedded/lib/ruby/gems/2.5.0/gems/chef-14.10.9-universal-mingw32/lib/chef/resource_collection/stepable_iterator.rb:85:in `step'
C:/opscode/chef-workstation/embedded/lib/ruby/gems/2.5.0/gems/chef-14.10.9-universal-mingw32/lib/chef/resource_collection/stepable_iterator.rb:103:in `iterate'
C:/opscode/chef-workstation/embedded/lib/ruby/gems/2.5.0/gems/chef-14.10.9-universal-mingw32/lib/chef/resource_collection/stepable_iterator.rb:55:in `each_with_index'
C:/opscode/chef-workstation/embedded/lib/ruby/gems/2.5.0/gems/chef-14.10.9-universal-mingw32/lib/chef/resource_collection/resource_list.rb:92:in `execute_each_resource'
C:/opscode/chef-workstation/embedded/lib/ruby/gems/2.5.0/gems/chef-14.10.9-universal-mingw32/lib/chef/runner.rb:97:in `converge'
C:/opscode/chef-workstation/embedded/lib/ruby/gems/2.5.0/gems/chef-14.10.9-universal-mingw32/lib/chef/client.rb:720:in `block in converge'
C:/opscode/chef-workstation/embedded/lib/ruby/gems/2.5.0/gems/chef-14.10.9-universal-mingw32/lib/chef/client.rb:715:in `catch'
C:/opscode/chef-workstation/embedded/lib/ruby/gems/2.5.0/gems/chef-14.10.9-universal-mingw32/lib/chef/client.rb:715:in `converge'
C:/opscode/chef-workstation/embedded/lib/ruby/gems/2.5.0/gems/chef-14.10.9-universal-mingw32/lib/chef/client.rb:754:in `converge_and_save'
C:/opscode/chef-workstation/embedded/lib/ruby/gems/2.5.0/gems/chef-14.10.9-universal-mingw32/lib/chef/client.rb:286:in `run'
C:/opscode/chef-workstation/embedded/lib/ruby/gems/2.5.0/gems/chef-14.10.9-universal-mingw32/lib/chef/application.rb:303:in `run_with_graceful_exit_option'
C:/opscode/chef-workstation/embedded/lib/ruby/gems/2.5.0/gems/chef-14.10.9-universal-mingw32/lib/chef/application.rb:279:in `block in run_chef_client'
C:/opscode/chef-workstation/embedded/lib/ruby/gems/2.5.0/gems/chef-14.10.9-universal-mingw32/lib/chef/local_mode.rb:44:in `with_server_connectivity'
C:/opscode/chef-workstation/embedded/lib/ruby/gems/2.5.0/gems/chef-14.10.9-universal-mingw32/lib/chef/application.rb:261:in `run_chef_client'
C:/opscode/chef-workstation/embedded/lib/ruby/gems/2.5.0/gems/chef-14.10.9-universal-mingw32/lib/chef/application/client.rb:444:in `run_application'
C:/opscode/chef-workstation/embedded/lib/ruby/gems/2.5.0/gems/chef-14.10.9-universal-mingw32/lib/chef/application.rb:66:in `run'
C:/opscode/chef-workstation/embedded/lib/ruby/gems/2.5.0/gems/chef-14.10.9-universal-mingw32/bin/chef-client:25:in `<top (required)>'
C:/opscode/chef-workstation/bin/chef-client:322:in `load'
C:/opscode/chef-workstation/bin/chef-client:322:in `<main>'