E, [2019-05-28T14:35:13.186175 #12688] ERROR -- Kitchen: ------Exception-------
E, [2019-05-28T14:35:13.186452 #12688] ERROR -- Kitchen: Class: Kitchen::UserError
E, [2019-05-28T14:35:13.186553 #12688] ERROR -- Kitchen: Message: Kitchen YAML file C:/Users/okuli/chef/.kitchen.yml does not exist.
E, [2019-05-28T14:35:13.186659 #12688] ERROR -- Kitchen: ----------------------
E, [2019-05-28T14:35:13.186766 #12688] ERROR -- Kitchen: ------Backtrace-------
E, [2019-05-28T14:35:13.186850 #12688] ERROR -- Kitchen: C:/opscode/chef-workstation/embedded/lib/ruby/gems/2.5.0/gems/test-kitchen-1.24.0/lib/kitchen/loader/yaml.rb:65:in `read'
E, [2019-05-28T14:35:13.186960 #12688] ERROR -- Kitchen: C:/opscode/chef-workstation/embedded/lib/ruby/gems/2.5.0/gems/test-kitchen-1.24.0/lib/kitchen/config.rb:152:in `data'
E, [2019-05-28T14:35:13.186997 #12688] ERROR -- Kitchen: C:/opscode/chef-workstation/embedded/lib/ruby/gems/2.5.0/gems/test-kitchen-1.24.0/lib/kitchen/config.rb:131:in `suites'
E, [2019-05-28T14:35:13.187126 #12688] ERROR -- Kitchen: C:/opscode/chef-workstation/embedded/lib/ruby/gems/2.5.0/gems/test-kitchen-1.24.0/lib/kitchen/config.rb:182:in `filter_instances'
E, [2019-05-28T14:35:13.187839 #12688] ERROR -- Kitchen: C:/opscode/chef-workstation/embedded/lib/ruby/gems/2.5.0/gems/test-kitchen-1.24.0/lib/kitchen/config.rb:141:in `build_instances'
E, [2019-05-28T14:35:13.187891 #12688] ERROR -- Kitchen: C:/opscode/chef-workstation/embedded/lib/ruby/gems/2.5.0/gems/test-kitchen-1.24.0/lib/kitchen/config.rb:117:in `instances'
E, [2019-05-28T14:35:13.188046 #12688] ERROR -- Kitchen: C:/opscode/chef-workstation/embedded/lib/ruby/gems/2.5.0/gems/test-kitchen-1.24.0/lib/kitchen/command.rb:112:in `filtered_instances'
E, [2019-05-28T14:35:13.188140 #12688] ERROR -- Kitchen: C:/opscode/chef-workstation/embedded/lib/ruby/gems/2.5.0/gems/test-kitchen-1.24.0/lib/kitchen/command.rb:142:in `parse_subcommand'
E, [2019-05-28T14:35:13.188181 #12688] ERROR -- Kitchen: C:/opscode/chef-workstation/embedded/lib/ruby/gems/2.5.0/gems/test-kitchen-1.24.0/lib/kitchen/command/list.rb:30:in `call'
E, [2019-05-28T14:35:13.188209 #12688] ERROR -- Kitchen: C:/opscode/chef-workstation/embedded/lib/ruby/gems/2.5.0/gems/test-kitchen-1.24.0/lib/kitchen/cli.rb:52:in `perform'
E, [2019-05-28T14:35:13.188318 #12688] ERROR -- Kitchen: C:/opscode/chef-workstation/embedded/lib/ruby/gems/2.5.0/gems/test-kitchen-1.24.0/lib/kitchen/cli.rb:120:in `list'
E, [2019-05-28T14:35:13.188441 #12688] ERROR -- Kitchen: C:/opscode/chef-workstation/embedded/lib/ruby/gems/2.5.0/gems/thor-0.20.3/lib/thor/command.rb:27:in `run'
E, [2019-05-28T14:35:13.188488 #12688] ERROR -- Kitchen: C:/opscode/chef-workstation/embedded/lib/ruby/gems/2.5.0/gems/thor-0.20.3/lib/thor/invocation.rb:126:in `invoke_command'
E, [2019-05-28T14:35:13.188587 #12688] ERROR -- Kitchen: C:/opscode/chef-workstation/embedded/lib/ruby/gems/2.5.0/gems/thor-0.20.3/lib/thor.rb:387:in `dispatch'
E, [2019-05-28T14:35:13.188668 #12688] ERROR -- Kitchen: C:/opscode/chef-workstation/embedded/lib/ruby/gems/2.5.0/gems/thor-0.20.3/lib/thor/base.rb:466:in `start'
E, [2019-05-28T14:35:13.188742 #12688] ERROR -- Kitchen: C:/opscode/chef-workstation/embedded/lib/ruby/gems/2.5.0/gems/test-kitchen-1.24.0/bin/kitchen:13:in `block in <top (required)>'
E, [2019-05-28T14:35:13.188774 #12688] ERROR -- Kitchen: C:/opscode/chef-workstation/embedded/lib/ruby/gems/2.5.0/gems/test-kitchen-1.24.0/lib/kitchen/errors.rb:171:in `with_friendly_errors'
E, [2019-05-28T14:35:13.188805 #12688] ERROR -- Kitchen: C:/opscode/chef-workstation/embedded/lib/ruby/gems/2.5.0/gems/test-kitchen-1.24.0/bin/kitchen:13:in `<top (required)>'
E, [2019-05-28T14:35:13.188837 #12688] ERROR -- Kitchen: C:/opscode/chef-workstation/bin/kitchen:322:in `load'
E, [2019-05-28T14:35:13.188869 #12688] ERROR -- Kitchen: C:/opscode/chef-workstation/bin/kitchen:322:in `<main>'
E, [2019-05-28T14:35:13.188900 #12688] ERROR -- Kitchen: ----End Backtrace-----
